2024-01-12 17:26:25,930 [INFO] Activator:176 - 


2024-01-12 17:26:25,932 [INFO] Activator:177 - !SESSION log4j initialized
2024-01-12 17:26:27,810 [INFO] LogOutputStream:77 - [STDOUT_REDIRECT] 
2024-01-12 17:26:29,321 [INFO] ApplicationProperties:184 - Using Application install path: D:\Programms\STM32CubeIDE_1.13.2\STM32CubeIDE\plugins\com.st.stm32cube.common.mx_6.9.2.202309101412
2024-01-12 17:26:29,332 [INFO] DbMcusXml:78 - Set database path to: D:\Programms\STM32CubeIDE_1.13.2\STM32CubeIDE\plugins\com.st.stm32cube.common.mx_6.9.2.202309101412\\db\/mcu/
2024-01-12 17:26:29,332 [INFO] ApiDb:274 - Set plugin database path to: D:\Programms\STM32CubeIDE_1.13.2\STM32CubeIDE\plugins\com.st.stm32cube.common.mx_6.9.2.202309101412\\db\/plugins/boardmanager/
2024-01-12 17:26:29,333 [WARN] ApiDb:259 - Overriding images path with different value:  => D:\Programms\STM32CubeIDE_1.13.2\STM32CubeIDE\plugins\com.st.stm32cube.common.mx_6.9.2.202309101412\\db\/plugins/mcufinder/images/
2024-01-12 17:26:29,339 [INFO] ApiDb:250 - Set database path to: C:\Users\User\.stmcufinder\plugins\mcufinder//mcu/
2024-01-12 17:26:29,339 [INFO] DbMcusAds:125 - Set database path to: C:\Users\User\.stmcufinder\plugins\mcufinder//mcu/
2024-01-12 17:26:29,341 [INFO] CrossReferenceDbSqlite:203 - Set database path to: C:\Users\User\.stmcufinder\plugins\mcufinder//mcu/cs/
2024-01-12 17:26:29,421 [INFO] RulesReader:64 - Compatibility file has been processed (293 Rules)
2024-01-12 17:26:29,469 [INFO] DbMcusXml:78 - Set database path to: D:\Programms\STM32CubeIDE_1.13.2\STM32CubeIDE\plugins\com.st.stm32cube.common.mx_6.9.2.202309101412\\db\/mcu/
2024-01-12 17:26:29,470 [INFO] ApiDb:274 - Set plugin database path to: D:\Programms\STM32CubeIDE_1.13.2\STM32CubeIDE\plugins\com.st.stm32cube.common.mx_6.9.2.202309101412\\db\/plugins/boardmanager/
2024-01-12 17:26:29,470 [INFO] ApiDb:261 - Set plugin images path to: D:\Programms\STM32CubeIDE_1.13.2\STM32CubeIDE\plugins\com.st.stm32cube.common.mx_6.9.2.202309101412\\db\/plugins/mcufinder/images/
2024-01-12 17:26:29,470 [WARN] DbFile:41 - Overriding database path with different value: C:\Users\User\.stmcufinder\plugins\mcufinder/ => C:\Users\User\.stmcufinder\plugins\mcufinder
2024-01-12 17:26:29,470 [INFO] ApiDb:250 - Set database path to: C:\Users\User\.stmcufinder\plugins\mcufinder//mcu/
2024-01-12 17:26:29,470 [WARN] DbFile:41 - Overriding database path with different value: C:\Users\User\.stmcufinder\plugins\mcufinder/ => C:\Users\User\.stmcufinder\plugins\mcufinder
2024-01-12 17:26:29,470 [INFO] DbMcusAds:125 - Set database path to: C:\Users\User\.stmcufinder\plugins\mcufinder//mcu/
2024-01-12 17:26:29,470 [WARN] DbFile:41 - Overriding database path with different value: C:\Users\User\.stmcufinder\plugins\mcufinder/ => C:\Users\User\.stmcufinder\plugins\mcufinder
2024-01-12 17:26:29,470 [WARN] DbFile:41 - Overriding database path with different value: C:\Users\User\.stmcufinder\plugins\mcufinder/ => C:\Users\User\.stmcufinder\plugins\mcufinder
2024-01-12 17:26:29,470 [INFO] CrossReferenceDbSqlite:203 - Set database path to: C:\Users\User\.stmcufinder\plugins\mcufinder//mcu/cs/
2024-01-12 17:26:29,527 [INFO] MainPanel:262 - HeapMemory: 268435456
2024-01-12 17:26:29,580 [INFO] DbMcusXml:78 - Set database path to: D:\Programms\STM32CubeIDE_1.13.2\STM32CubeIDE\plugins\com.st.stm32cube.common.mx_6.9.2.202309101412\\db\/mcu/
2024-01-12 17:26:29,580 [INFO] ApiDb:274 - Set plugin database path to: D:\Programms\STM32CubeIDE_1.13.2\STM32CubeIDE\plugins\com.st.stm32cube.common.mx_6.9.2.202309101412\\db\/plugins/boardmanager/
2024-01-12 17:26:29,580 [INFO] ApiDb:261 - Set plugin images path to: D:\Programms\STM32CubeIDE_1.13.2\STM32CubeIDE\plugins\com.st.stm32cube.common.mx_6.9.2.202309101412\\db\/plugins/mcufinder/images/
2024-01-12 17:26:29,581 [WARN] DbFile:41 - Overriding database path with different value: C:\Users\User\.stmcufinder\plugins\mcufinder/ => C:\Users\User\.stmcufinder\plugins\mcufinder
2024-01-12 17:26:29,581 [INFO] ApiDb:250 - Set database path to: C:\Users\User\.stmcufinder\plugins\mcufinder//mcu/
2024-01-12 17:26:29,581 [WARN] DbFile:41 - Overriding database path with different value: C:\Users\User\.stmcufinder\plugins\mcufinder/ => C:\Users\User\.stmcufinder\plugins\mcufinder
2024-01-12 17:26:29,581 [INFO] DbMcusAds:125 - Set database path to: C:\Users\User\.stmcufinder\plugins\mcufinder//mcu/
2024-01-12 17:26:29,581 [WARN] DbFile:41 - Overriding database path with different value: C:\Users\User\.stmcufinder\plugins\mcufinder/ => C:\Users\User\.stmcufinder\plugins\mcufinder
2024-01-12 17:26:29,581 [WARN] DbFile:41 - Overriding database path with different value: C:\Users\User\.stmcufinder\plugins\mcufinder/ => C:\Users\User\.stmcufinder\plugins\mcufinder
2024-01-12 17:26:29,581 [INFO] CrossReferenceDbSqlite:203 - Set database path to: C:\Users\User\.stmcufinder\plugins\mcufinder//mcu/cs/
2024-01-12 17:26:29,594 [INFO] ApplicationProperties:184 - Using Application install path: D:\Programms\STM32CubeIDE_1.13.2\STM32CubeIDE\plugins\com.st.stm32cube.common.mx_6.9.2.202309101412
2024-01-12 17:26:29,595 [INFO] PluginManage:196 - Search for loadable plugins [exclusion list=, ]
2024-01-12 17:26:29,595 [INFO] PluginManage:310 - Check plugin analytics
2024-01-12 17:26:29,726 [INFO] AnalyticsPlugin:253 - Accepted Software Licenses: 
2024-01-12 17:26:29,727 [INFO] AnalyticsPlugin:255 - Accepted CMSIS Pack Licenses: 
2024-01-12 17:26:29,727 [INFO] AnalyticsPlugin:257 - Accepted Firmware Licenses: 
2024-01-12 17:26:29,730 [INFO] PluginManage:359 - Loaded plugin analytics (category:tool,tabindex:-1)
2024-01-12 17:26:29,731 [INFO] PluginManage:310 - Check plugin cadmodel
2024-01-12 17:26:29,734 [INFO] CADModel:105 - Init CAD model plugin
2024-01-12 17:26:29,734 [INFO] PluginManage:359 - Loaded plugin cadmodel (category:power,tabindex:5)
2024-01-12 17:26:29,734 [INFO] PluginManage:310 - Check plugin clock
2024-01-12 17:26:29,740 [INFO] PluginManage:359 - Loaded plugin clock (category:base,tabindex:2)
2024-01-12 17:26:29,741 [INFO] PluginManage:310 - Check plugin ddr
2024-01-12 17:26:29,742 [INFO] PluginManage:359 - Loaded plugin ddr (category:tool,tabindex:6)
2024-01-12 17:26:29,742 [INFO] PluginManage:310 - Check plugin filemanager
2024-01-12 17:26:29,837 [INFO] PluginManage:359 - Loaded plugin filemanager (category:base,tabindex:10)
2024-01-12 17:26:29,837 [INFO] PluginManage:310 - Check plugin ipmanager
2024-01-12 17:26:29,843 [INFO] PluginManage:359 - Loaded plugin ipmanager (category:base,tabindex:5)
2024-01-12 17:26:29,843 [INFO] PluginManage:310 - Check plugin lpbam
2024-01-12 17:26:29,849 [INFO] PluginManage:359 - Loaded plugin lpbam (category:base,tabindex:0)
2024-01-12 17:26:29,849 [INFO] PluginManage:310 - Check plugin memorymap
2024-01-12 17:26:29,856 [INFO] PluginManage:359 - Loaded plugin memorymap (category:base,tabindex:4)
2024-01-12 17:26:29,856 [INFO] PluginManage:310 - Check plugin pinoutandconfiguration
2024-01-12 17:26:29,861 [INFO] PluginManage:359 - Loaded plugin pinoutandconfiguration (category:base,tabindex:1)
2024-01-12 17:26:29,861 [INFO] PluginManage:310 - Check plugin pinoutconfig
2024-01-12 17:26:29,946 [WARN] SupportedApi:132 - Cannot load RTOS API schema: s4s-elt-must-match.1: The content of 'definitions' must match (annotation?, (simpleType | complexType)?, (unique | key | keyref)*)). A problem was found starting at: attribute.
2024-01-12 17:26:30,045 [INFO] PluginManage:359 - Loaded plugin pinoutconfig (category:base,tabindex:0)
2024-01-12 17:26:30,045 [INFO] PluginManage:310 - Check plugin power
2024-01-12 17:26:30,050 [INFO] PluginManage:359 - Loaded plugin power (category:power,tabindex:4)
2024-01-12 17:26:30,051 [INFO] PluginManage:310 - Check plugin projectmanager
2024-01-12 17:26:30,061 [INFO] PluginManage:359 - Loaded plugin projectmanager (category:projectmanager,tabindex:3)
2024-01-12 17:26:30,061 [INFO] PluginManage:310 - Check plugin thirdparty
2024-01-12 17:26:30,162 [INFO] PluginManage:359 - Loaded plugin thirdparty (category:base,tabindex:-1)
2024-01-12 17:26:30,162 [INFO] PluginManage:310 - Check plugin tools
2024-01-12 17:26:30,162 [WARN] IntegrityCheckThread:84 - waiting for thirdparty lock release [integrity check]
2024-01-12 17:26:30,163 [INFO] IntegrityCheckThread:86 - entering critical section [integrity check]
2024-01-12 17:26:30,164 [INFO] ThirdPartyUpdaterWithRetryManager:70 - Updater plugin not ready yet. [1/15]
2024-01-12 17:26:30,166 [INFO] PluginManage:359 - Loaded plugin tools (category:base,tabindex:7)
2024-01-12 17:26:30,166 [INFO] PluginManage:310 - Check plugin tutovideos
2024-01-12 17:26:30,294 [INFO] PluginManage:359 - Loaded plugin tutovideos (category:base,tabindex:-1)
2024-01-12 17:26:30,294 [INFO] PluginManage:310 - Check plugin updater
2024-01-12 17:26:30,302 [INFO] PluginManage:359 - Loaded plugin updater (category:base,tabindex:12)
2024-01-12 17:26:30,302 [INFO] PluginManage:310 - Check plugin userauth
2024-01-12 17:26:30,305 [INFO] UserAuth:113 - Init User Auth plugin
2024-01-12 17:26:30,305 [INFO] PluginManage:359 - Loaded plugin userauth (category:base,tabindex:14)
2024-01-12 17:26:30,306 [INFO] PluginManage:283 - PluginManage : Loaded plugins [17]
2024-01-12 17:26:30,447 [INFO] PinOutPanel:1499 - setPackage(No Configuration,No Configuration)
2024-01-12 17:26:30,523 [INFO] CADModel:165 - CPN selected for project level
2024-01-12 17:26:30,523 [INFO] CADModel:114 - Register for checkConnection events
2024-01-12 17:26:30,535 [INFO] IPUIPlugin:80 - create IPUIPlugin
2024-01-12 17:26:30,535 [INFO] PluginManager:220 - loadIPPluginJar : add adc
2024-01-12 17:26:30,537 [INFO] IPUIPlugin:80 - create IPUIPlugin
2024-01-12 17:26:30,537 [INFO] PluginManager:220 - loadIPPluginJar : add aes
2024-01-12 17:26:30,538 [INFO] IPUIPlugin:80 - create IPUIPlugin
2024-01-12 17:26:30,538 [INFO] PluginManager:220 - loadIPPluginJar : add can
2024-01-12 17:26:30,539 [INFO] IPUIPlugin:80 - create IPUIPlugin
2024-01-12 17:26:30,539 [INFO] PluginManager:220 - loadIPPluginJar : add comp
2024-01-12 17:26:30,540 [INFO] IPUIPlugin:80 - create IPUIPlugin
2024-01-12 17:26:30,540 [INFO] PluginManager:220 - loadIPPluginJar : add cryp
2024-01-12 17:26:30,542 [INFO] IPUIPlugin:80 - create IPUIPlugin
2024-01-12 17:26:30,542 [INFO] PluginManager:220 - loadIPPluginJar : add dfsdm
2024-01-12 17:26:30,545 [INFO] IPUIPlugin:80 - create IPUIPlugin
2024-01-12 17:26:30,546 [INFO] PluginManager:220 - loadIPPluginJar : add dma
2024-01-12 17:26:30,547 [INFO] IPUIPlugin:80 - create IPUIPlugin
2024-01-12 17:26:30,547 [INFO] PluginManager:220 - loadIPPluginJar : add dma3
2024-01-12 17:26:30,548 [INFO] IPUIPlugin:80 - create IPUIPlugin
2024-01-12 17:26:30,548 [INFO] PluginManager:220 - loadIPPluginJar : add fatfs
2024-01-12 17:26:30,550 [INFO] IPUIPlugin:80 - create IPUIPlugin
2024-01-12 17:26:30,551 [INFO] PluginManager:220 - loadIPPluginJar : add fmc
2024-01-12 17:26:30,554 [INFO] IPUIPlugin:80 - create IPUIPlugin
2024-01-12 17:26:30,554 [INFO] PluginManager:220 - loadIPPluginJar : add freertos
2024-01-12 17:26:30,555 [INFO] IPUIPlugin:80 - create IPUIPlugin
2024-01-12 17:26:30,555 [INFO] PluginManager:220 - loadIPPluginJar : add genericplugin
2024-01-12 17:26:30,556 [INFO] IPUIPlugin:80 - create IPUIPlugin
2024-01-12 17:26:30,556 [INFO] PluginManager:220 - loadIPPluginJar : add gfxmmu
2024-01-12 17:26:30,559 [INFO] IPUIPlugin:80 - create IPUIPlugin
2024-01-12 17:26:30,559 [INFO] PluginManager:220 - loadIPPluginJar : add gic
2024-01-12 17:26:30,562 [INFO] IPUIPlugin:80 - create IPUIPlugin
2024-01-12 17:26:30,562 [INFO] PluginManager:220 - loadIPPluginJar : add gpio
2024-01-12 17:26:30,564 [INFO] IPUIPlugin:80 - create IPUIPlugin
2024-01-12 17:26:30,564 [INFO] PluginManager:220 - loadIPPluginJar : add gtzc
2024-01-12 17:26:30,565 [INFO] IPUIPlugin:80 - create IPUIPlugin
2024-01-12 17:26:30,566 [INFO] PluginManager:220 - loadIPPluginJar : add hash
2024-01-12 17:26:30,567 [INFO] IPUIPlugin:80 - create IPUIPlugin
2024-01-12 17:26:30,567 [INFO] PluginManager:220 - loadIPPluginJar : add i2c
2024-01-12 17:26:30,569 [INFO] IPUIPlugin:80 - create IPUIPlugin
2024-01-12 17:26:30,569 [INFO] PluginManager:220 - loadIPPluginJar : add i2s
2024-01-12 17:26:30,570 [INFO] IPUIPlugin:80 - create IPUIPlugin
2024-01-12 17:26:30,570 [INFO] PluginManager:220 - loadIPPluginJar : add i3c
2024-01-12 17:26:30,572 [INFO] IPUIPlugin:80 - create IPUIPlugin
2024-01-12 17:26:30,572 [INFO] PluginManager:220 - loadIPPluginJar : add ipddr
2024-01-12 17:26:30,577 [INFO] IPUIPlugin:80 - create IPUIPlugin
2024-01-12 17:26:30,577 [INFO] PluginManager:220 - loadIPPluginJar : add linkedlist
2024-01-12 17:26:30,578 [INFO] IPUIPlugin:80 - create IPUIPlugin
2024-01-12 17:26:30,579 [INFO] PluginManager:220 - loadIPPluginJar : add lorawan
2024-01-12 17:26:30,579 [INFO] IPUIPlugin:80 - create IPUIPlugin
2024-01-12 17:26:30,579 [INFO] PluginManager:220 - loadIPPluginJar : add ltdc
2024-01-12 17:26:30,583 [INFO] IPUIPlugin:80 - create IPUIPlugin
2024-01-12 17:26:30,583 [INFO] PluginManager:220 - loadIPPluginJar : add mdma
2024-01-12 17:26:30,585 [INFO] IPUIPlugin:80 - create IPUIPlugin
2024-01-12 17:26:30,585 [INFO] PluginManager:220 - loadIPPluginJar : add nvic
2024-01-12 17:26:30,587 [INFO] IPUIPlugin:80 - create IPUIPlugin
2024-01-12 17:26:30,587 [INFO] PluginManager:220 - loadIPPluginJar : add opamp
2024-01-12 17:26:30,588 [INFO] IPUIPlugin:80 - create IPUIPlugin
2024-01-12 17:26:30,588 [INFO] PluginManager:220 - loadIPPluginJar : add openamp
2024-01-12 17:26:30,590 [INFO] IPUIPlugin:80 - create IPUIPlugin
2024-01-12 17:26:30,590 [INFO] PluginManager:220 - loadIPPluginJar : add pdm2pcm
2024-01-12 17:26:30,594 [INFO] IPUIPlugin:80 - create IPUIPlugin
2024-01-12 17:26:30,595 [INFO] PluginManager:220 - loadIPPluginJar : add plateformsettings
2024-01-12 17:26:30,596 [INFO] IPUIPlugin:80 - create IPUIPlugin
2024-01-12 17:26:30,596 [INFO] PluginManager:220 - loadIPPluginJar : add quadspi
2024-01-12 17:26:30,598 [INFO] IPUIPlugin:80 - create IPUIPlugin
2024-01-12 17:26:30,598 [INFO] PluginManager:220 - loadIPPluginJar : add resmgrutility
2024-01-12 17:26:30,600 [INFO] IPUIPlugin:80 - create IPUIPlugin
2024-01-12 17:26:30,600 [INFO] PluginManager:220 - loadIPPluginJar : add sai
2024-01-12 17:26:30,601 [INFO] IPUIPlugin:80 - create IPUIPlugin
2024-01-12 17:26:30,601 [INFO] PluginManager:220 - loadIPPluginJar : add spi
2024-01-12 17:26:30,604 [INFO] IPUIPlugin:80 - create IPUIPlugin
2024-01-12 17:26:30,604 [INFO] PluginManager:220 - loadIPPluginJar : add stm32_wpan
2024-01-12 17:26:30,605 [INFO] IPUIPlugin:80 - create IPUIPlugin
2024-01-12 17:26:30,605 [INFO] PluginManager:220 - loadIPPluginJar : add tim
2024-01-12 17:26:30,607 [INFO] IPUIPlugin:80 - create IPUIPlugin
2024-01-12 17:26:30,607 [INFO] PluginManager:220 - loadIPPluginJar : add touchsensing
2024-01-12 17:26:30,608 [INFO] IPUIPlugin:80 - create IPUIPlugin
2024-01-12 17:26:30,608 [INFO] PluginManager:220 - loadIPPluginJar : add tracer_emb
2024-01-12 17:26:30,609 [INFO] IPUIPlugin:80 - create IPUIPlugin
2024-01-12 17:26:30,609 [INFO] PluginManager:220 - loadIPPluginJar : add ts
2024-01-12 17:26:30,610 [INFO] IPUIPlugin:80 - create IPUIPlugin
2024-01-12 17:26:30,610 [INFO] PluginManager:220 - loadIPPluginJar : add tsc
2024-01-12 17:26:30,611 [INFO] IPUIPlugin:80 - create IPUIPlugin
2024-01-12 17:26:30,611 [INFO] PluginManager:220 - loadIPPluginJar : add ucpd
2024-01-12 17:26:30,613 [INFO] IPUIPlugin:80 - create IPUIPlugin
2024-01-12 17:26:30,613 [INFO] PluginManager:220 - loadIPPluginJar : add usart
2024-01-12 17:26:30,615 [INFO] IPUIPlugin:80 - create IPUIPlugin
2024-01-12 17:26:30,615 [INFO] PluginManager:220 - loadIPPluginJar : add usbx
2024-01-12 17:26:30,721 [INFO] CADModel:165 - CPN selected for project level
2024-01-12 17:26:30,721 [INFO] CADModel:114 - Register for checkConnection events
2024-01-12 17:26:30,721 [FATAL] Updater:308 - Updater called before beeing initialized
2024-01-12 17:26:30,721 [ERROR] CADModel:125 - Updater not yet initialized, retry later 
2024-01-12 17:26:30,818 [INFO] CADModel:165 - CPN selected for project level
2024-01-12 17:26:30,818 [INFO] CADModel:114 - Register for checkConnection events
2024-01-12 17:26:30,818 [FATAL] Updater:308 - Updater called before beeing initialized
2024-01-12 17:26:30,818 [ERROR] CADModel:125 - Updater not yet initialized, retry later 
2024-01-12 17:26:30,820 [FATAL] Updater:308 - Updater called before beeing initialized
2024-01-12 17:26:30,900 [FATAL] Updater:308 - Updater called before beeing initialized
2024-01-12 17:26:30,906 [INFO] DbMcusAds:53 - JSON generation date=Wed Nov 29 13:52:27 MSK 2023 (1701255147349)
2024-01-12 17:26:30,906 [FATAL] Updater:308 - Updater called before beeing initialized
2024-01-12 17:26:30,935 [WARN] DetailPanel:346 - Failed to get advertising image, set to default
2024-01-12 17:26:31,012 [FATAL] Updater:308 - Updater called before beeing initialized
2024-01-12 17:26:31,013 [FATAL] Updater:308 - Updater called before beeing initialized
2024-01-12 17:26:31,013 [FATAL] Updater:308 - Updater called before beeing initialized
2024-01-12 17:26:31,014 [WARN] DetailPanel:346 - Failed to get advertising image, set to default
2024-01-12 17:26:31,014 [FATAL] Updater:308 - Updater called before beeing initialized
2024-01-12 17:26:31,043 [ERROR] Updater:1120 - MainUpdater not yet initialized. External WinMGr cannot be set.
2024-01-12 17:26:31,045 [INFO] Updater:1056 - Updater Version found : 6.9.2
2024-01-12 17:26:31,056 [INFO] ApplicationProperties:184 - Using Application install path: D:\Programms\STM32CubeIDE_1.13.2\STM32CubeIDE\plugins\com.st.stm32cube.common.mx_6.9.2.202309101412
2024-01-12 17:26:31,137 [INFO] MainUpdater:2868 - connection check result : 10
2024-01-12 17:26:31,137 [INFO] MainUpdater:285 - Updater Check For Update Now.
2024-01-12 17:26:31,137 [INFO] MicroXplorer:498 - Change Database Version : DB.6.0.92
2024-01-12 17:26:31,141 [INFO] McuFinderGlobals:63 - Set McuFinder mode to 2 (CubeIDE integrated)
2024-01-12 17:26:31,296 [INFO] CheckServerUpdateThread:120 - End of CheckServer Thread
2024-01-12 17:26:33,302 [WARN] PackLoader:240 - Cannot read IP mode file for STMicroelectronics.X-CUBE-SMBUS.2.1.0
2024-01-12 17:26:33,310 [WARN] PackLoader:240 - Cannot read IP mode file for STMicroelectronics.X-CUBE-TOUCHGFX.4.23.0
2024-01-12 17:26:33,340 [WARN] PackLoader:240 - Cannot read IP mode file for STMicroelectronics.X-CUBE-AZRTOS-F7.1.1.0
2024-01-12 17:26:33,348 [WARN] PackLoader:240 - Cannot read IP mode file for STMicroelectronics.FP-SNS-MOTENV1.4.3.2
2024-01-12 17:26:33,354 [WARN] PackLoader:240 - Cannot read IP mode file for STMicroelectronics.FP-SNS-FLIGHT1.5.0.2
2024-01-12 17:26:33,362 [WARN] PackLoader:240 - Cannot read IP mode file for STMicroelectronics.X-CUBE-DISPLAY.3.0.0
2024-01-12 17:26:33,372 [WARN] PackLoader:240 - Cannot read IP mode file for STMicroelectronics.X-CUBE-BLE1.7.0.0
2024-01-12 17:26:33,377 [WARN] PackLoader:240 - Cannot read IP mode file for emotas.I-CUBE-CANOPEN.1.3.0
2024-01-12 17:26:33,379 [WARN] PackLoader:240 - Cannot read IP mode file for STMicroelectronics.X-CUBE-TOUCHGFX.4.22.0
2024-01-12 17:26:33,381 [WARN] PackLoader:240 - Cannot read IP mode file for STMicroelectronics.X-CUBE-TOUCHGFX.4.22.1
2024-01-12 17:26:33,385 [WARN] PackLoader:240 - Cannot read IP mode file for STMicroelectronics.FP-SNS-SMARTAG2.1.2.0
2024-01-12 17:26:33,395 [INFO] LogOutputStream:77 - [STDOUT_REDIRECT] 1 : Invalid condition id : UX_CORESTACK_Condition cause : null
2024-01-12 17:26:33,396 [INFO] LogOutputStream:77 - [STDOUT_REDIRECT] 1 : Invalid condition id : UX_CORESTACK_Condition cause : null
2024-01-12 17:26:33,397 [INFO] LogOutputStream:77 - [STDOUT_REDIRECT] 1 : Invalid condition id : UX_CORESTACK_Condition cause : null
2024-01-12 17:26:33,398 [INFO] LogOutputStream:77 - [STDOUT_REDIRECT] 1 : Invalid condition id : UX_CORESTACK_Condition cause : null
2024-01-12 17:26:33,399 [INFO] LogOutputStream:77 - [STDOUT_REDIRECT] 1 : Invalid condition id : UX_CORESTACK_Condition cause : null
2024-01-12 17:26:33,402 [WARN] PackLoader:240 - Cannot read IP mode file for STMicroelectronics.X-CUBE-AZRTOS-WL.2.0.0
2024-01-12 17:26:33,410 [WARN] PackLoader:240 - Cannot read IP mode file for WES.I-CUBE-Cesium.1.3.0
2024-01-12 17:26:33,414 [WARN] PackLoader:240 - Cannot read IP mode file for STMicroelectronics.X-CUBE-BLE2.3.3.0
2024-01-12 17:26:33,419 [WARN] PackLoader:240 - Cannot read IP mode file for STMicroelectronics.X-CUBE-ALGOBUILD.1.3.0
2024-01-12 17:26:33,432 [WARN] PackLoader:240 - Cannot read IP mode file for STMicroelectronics.X-CUBE-AZRTOS-G0.1.1.0
2024-01-12 17:26:33,438 [WARN] PackLoader:240 - Cannot read IP mode file for STMicroelectronics.X-CUBE-NFC4.3.0.0
2024-01-12 17:26:33,445 [WARN] PackLoader:240 - Cannot read IP mode file for STMicroelectronics.X-CUBE-BLEMGR.3.0.0
2024-01-12 17:26:33,450 [WARN] PackLoader:240 - Cannot read IP mode file for STMicroelectronics.FP-ATR-SIGFOX1.3.2.0
2024-01-12 17:26:33,487 [WARN] PackLoader:240 - Cannot read IP mode file for SEGGER.I-CUBE-embOS.1.3.1
2024-01-12 17:26:33,517 [WARN] PackLoader:240 - Cannot read IP mode file for STMicroelectronics.X-CUBE-GNSS1.6.0.0
2024-01-12 17:26:33,533 [WARN] PackLoader:240 - Cannot read IP mode file for STMicroelectronics.X-CUBE-AZRTOS-F4.1.1.0
2024-01-12 17:26:33,541 [WARN] PackLoader:240 - Cannot read IP mode file for wolfSSL.I-CUBE-wolfSSL.5.6.3
2024-01-12 17:26:33,560 [WARN] PackLoader:240 - Cannot read IP mode file for STMicroelectronics.X-CUBE-AZRTOS-L5.2.0.0
2024-01-12 17:26:33,611 [WARN] PackLoader:240 - Cannot read IP mode file for STMicroelectronics.X-CUBE-MEMS1.9.6.0
2024-01-12 17:26:33,726 [WARN] PackLoader:240 - Cannot read IP mode file for STMicroelectronics.X-CUBE-EEPRMA1.4.2.0
2024-01-12 17:26:33,731 [WARN] PackLoader:240 - Cannot read IP mode file for ITTIA_DB.I-CUBE-ITTIADB.8.8.0
2024-01-12 17:26:33,736 [WARN] PackLoader:240 - Cannot read IP mode file for STMicroelectronics.X-CUBE-BLEMGR.2.0.0
2024-01-12 17:26:33,748 [WARN] ConditionMgr:438 - getConditionDescription Invalid condition id : UX DEVICE CLASS RTOS Condition cause : null
2024-01-12 17:26:33,748 [WARN] ConditionMgr:438 - getConditionDescription Invalid condition id : UX DEVICE CLASS RTOS Condition cause : null
2024-01-12 17:26:33,750 [WARN] PackLoader:240 - Cannot read IP mode file for STMicroelectronics.X-CUBE-AZRTOS-H7.3.1.0
2024-01-12 17:26:33,751 [WARN] ConditionMgr:1039 - genDependencies : Invalid condition id : UX DEVICE CLASS RTOS Condition cause : null
2024-01-12 17:26:33,751 [WARN] ConditionMgr:1039 - genDependencies : Invalid condition id : UX DEVICE CLASS RTOS Condition cause : null
2024-01-12 17:26:33,751 [WARN] ConditionMgr:1039 - genDependencies : Invalid condition id : UX DEVICE CLASS RTOS Condition cause : null
2024-01-12 17:26:33,752 [WARN] ConditionMgr:1039 - genDependencies : Invalid condition id : UX DEVICE CLASS RTOS Condition cause : null
2024-01-12 17:26:33,752 [WARN] ConditionMgr:1039 - genDependencies : Invalid condition id : UX DEVICE CLASS RTOS Condition cause : null
2024-01-12 17:26:33,756 [WARN] PackLoader:240 - Cannot read IP mode file for STMicroelectronics.X-CUBE-NFC7.1.0.1
2024-01-12 17:26:33,761 [WARN] PackLoader:240 - Cannot read IP mode file for STMicroelectronics.X-CUBE-NFC6.3.0.0
2024-01-12 17:26:33,765 [WARN] PackLoader:240 - Cannot read IP mode file for STMicroelectronics.X-CUBE-EEPRMA1.4.1.0
2024-01-12 17:26:33,769 [WARN] PackLoader:240 - Cannot read IP mode file for STMicroelectronics.X-CUBE-AI.8.1.0
2024-01-12 17:26:33,780 [WARN] ConditionMgr:438 - getConditionDescription Invalid condition id : LAN8742 Phy interface Condition cause : null
2024-01-12 17:26:33,781 [WARN] PackLoader:240 - Cannot read IP mode file for STMicroelectronics.X-CUBE-AZRTOS-L4.2.0.0
2024-01-12 17:26:33,781 [WARN] ConditionMgr:1039 - genDependencies : Invalid condition id : LAN8742 Phy interface Condition cause : null
2024-01-12 17:26:33,782 [WARN] ConditionMgr:1039 - genDependencies : Invalid condition id : LAN8742 Phy interface Condition cause : null
2024-01-12 17:26:33,782 [WARN] ConditionMgr:1039 - genDependencies : Invalid condition id : LAN8742 Phy interface Condition cause : null
2024-01-12 17:26:33,787 [WARN] PackLoader:240 - Cannot read IP mode file for STMicroelectronics.X-CUBE-SFXS2LP1.4.0.0
2024-01-12 17:26:33,790 [WARN] PackLoader:240 - Cannot read IP mode file for STMicroelectronics.X-CUBE-ISPU.1.1.0
2024-01-12 17:26:33,799 [WARN] ConditionMgr:438 - getConditionDescription Invalid condition id : UX DEVICE CLASS RTOS Condition cause : null
2024-01-12 17:26:33,799 [WARN] ConditionMgr:438 - getConditionDescription Invalid condition id : UX DEVICE CLASS RTOS Condition cause : null
2024-01-12 17:26:33,801 [WARN] PackLoader:240 - Cannot read IP mode file for STMicroelectronics.X-CUBE-AZRTOS-WB.2.0.0
2024-01-12 17:26:33,801 [WARN] ConditionMgr:1039 - genDependencies : Invalid condition id : UX DEVICE CLASS RTOS Condition cause : null
2024-01-12 17:26:33,801 [WARN] ConditionMgr:1039 - genDependencies : Invalid condition id : UX DEVICE CLASS RTOS Condition cause : null
2024-01-12 17:26:33,802 [WARN] ConditionMgr:1039 - genDependencies : Invalid condition id : UX DEVICE CLASS RTOS Condition cause : null
2024-01-12 17:26:33,802 [WARN] ConditionMgr:1039 - genDependencies : Invalid condition id : UX DEVICE CLASS RTOS Condition cause : null
2024-01-12 17:26:33,802 [WARN] ConditionMgr:1039 - genDependencies : Invalid condition id : UX DEVICE CLASS RTOS Condition cause : null
2024-01-12 17:26:33,809 [WARN] PackLoader:240 - Cannot read IP mode file for STMicroelectronics.X-CUBE-SUBG2.5.0.0
2024-01-12 17:26:33,819 [WARN] PackLoader:240 - Cannot read IP mode file for STMicroelectronics.X-CUBE-TOF1.3.3.1
2024-01-12 17:26:33,832 [WARN] PackLoader:240 - Cannot read IP mode file for STMicroelectronics.X-CUBE-AZRTOS-G4.2.0.0
2024-01-12 17:26:33,841 [WARN] PackLoader:240 - Cannot read IP mode file for Infineon.AIROC-Wi-Fi-Bluetooth-STM32.1.5.1
2024-01-12 17:26:33,846 [WARN] PackLoader:240 - Cannot read IP mode file for STMicroelectronics.FP-SNS-MOTENVWB1.1.3.0
2024-01-12 17:26:33,848 [WARN] PackLoader:240 - Cannot read IP mode file for STMicroelectronics.FP-SNS-MOTENVWB1.1.3.1
2024-01-12 17:26:33,851 [WARN] PackLoader:240 - Cannot read IP mode file for STMicroelectronics.X-CUBE-ISPU.2.0.0
2024-01-12 17:26:33,881 [WARN] PackLoader:240 - Cannot read IP mode file for STMicroelectronics.X-CUBE-MEMS1.10.0.0
2024-01-12 17:26:33,946 [WARN] PackLoader:240 - Cannot read IP mode file for STMicroelectronics.X-CUBE-FREERTOS.1.1.0
2024-01-12 17:26:33,950 [WARN] PackLoader:240 - Cannot read IP mode file for portGmbH.I-Cube-SoM-uGOAL.1.1.0
2024-01-12 17:26:33,953 [WARN] PackLoader:240 - Cannot read IP mode file for STMicroelectronics.X-CUBE-ALS.1.0.1
2024-01-12 17:26:33,955 [WARN] PackLoader:240 - Cannot read IP mode file for STMicroelectronics.FP-ATR-ASTRA1.2.0.0
2024-01-12 17:26:33,961 [WARN] PackLoader:240 - Cannot read IP mode file for STMicroelectronics.X-CUBE-TOF1.3.4.0
2024-01-12 17:26:33,982 [WARN] PackLoader:240 - Cannot read IP mode file for STMicroelectronics.X-CUBE-AZRTOS-H7.3.2.0
2024-01-12 17:26:33,984 [INFO] ThirdParty:978 - Integrity check success = true
2024-01-12 17:26:33,984 [INFO] IntegrityCheckThread:100 - exiting critical section [integrity check]
2024-01-12 17:26:33,984 [INFO] IntegrityCheckThread:103 - End integrity checks thread
